[{"line":1,"elements":[{"start_timestamp":"2022-04-10T18:07:36.216Z","line":3,"name":"URL is leading us into the correct page","description":"","id":"attendanywhere-user-login-test;url-is-leading-us-into-the-correct-page","type":"scenario","keyword":"Scenario","steps":[{"result":{"duration":8676496300,"status":"passed"},"line":4,"name":"user opens the browser","match":{"location":"stepDefination.Test1.user_opens_the_browser()"},"keyword":"Given "},{"result":{"duration":5903337700,"status":"passed"},"line":5,"name":"user enters the URL","match":{"location":"stepDefination.Test1.user_enters_the_url()"},"keyword":"When "},{"result":{"duration":11000600,"status":"passed"},"line":6,"name":"validate User is on sign in page","match":{"location":"stepDefination.Test1.validate_user_is_on_sign_in_page()"},"keyword":"Then "}]},{"start_timestamp":"2022-04-10T18:07:50.957Z","line":8,"name":"display hints for the username and password fields","description":"","id":"attendanywhere-user-login-test;display-hints-for-the-username-and-password-fields","type":"scenario","keyword":"Scenario","steps":[{"result":{"duration":10489600000,"status":"passed"},"line":9,"name":"the user nevigate to login url","match":{"location":"stepDefination.Test2.the_user_nevigate_to_login_url()"},"keyword":"Given "},{"result":{"duration":3256186300,"status":"passed"},"line":10,"name":"the user checks username text field","match":{"location":"stepDefination.Test2.the_user_checks_username_text_field()"},"keyword":"When "},{"result":{"duration":96005500,"status":"passed"},"line":11,"name":"the user checks password text field","match":{"location":"stepDefination.Test2.the_user_checks_password_text_field()"},"keyword":"And "},{"result":{"duration":39002200,"status":"passed"},"line":12,"name":"username displays hint as email","match":{"location":"stepDefination.Test2.username_displays_hint_as_email()"},"keyword":"Then "},{"result":{"duration":34001900,"status":"passed"},"line":13,"name":"password displays hint as password","match":{"location":"stepDefination.Test2.password_displays_hint_as_password()"},"keyword":"And "}]},{"start_timestamp":"2022-04-10T18:08:04.882Z","line":15,"name":"validate that checkbox 'Keep me signed in' is positioned between password field and sign in button","description":"","id":"attendanywhere-user-login-test;validate-that-checkbox--keep-me-signed-in--is-positioned-between-password-field-and-sign-in-button","type":"scenario","keyword":"Scenario","steps":[{"result":{"duration":12153695200,"status":"passed"},"line":16,"name":"the user nevigate to url","match":{"location":"stepDefination.Test3.the_user_nevigate_to_url()"},"keyword":"Given "},{"result":{"duration":2654151800,"status":"passed"},"line":17,"name":"the user reaches Keep me Signed in checkbox","match":{"location":"stepDefination.Test3.the_user_reaches_keep_me_signed_in_checkbox()"},"keyword":"When "},{"result":{"duration":298017100,"status":"passed"},"line":18,"name":"Validate 'keep me signed in' checbox is between password and sign button","match":{"location":"stepDefination.Test3.validate_keep_me_signed_in_checbox_is_between_password_and_sign_button()"},"keyword":"Then "}]},{"start_timestamp":"2022-04-10T18:08:19.996Z","line":20,"name":"validate that forgot your password? link is displayed below Sign in button","description":"","id":"attendanywhere-user-login-test;validate-that-forgot-your-password?-link-is-displayed-below-sign-in-button","type":"scenario","keyword":"Scenario","steps":[{"result":{"duration":12997743400,"status":"passed"},"line":21,"name":"the user nevigate to url","match":{"location":"stepDefination.Test3.the_user_nevigate_to_url()"},"keyword":"Given "},{"result":{"error_message":"org.openqa.selenium.NoSuchElementException: no such element: Unable to locate element: {\"method\":\"xpath\",\"selector\":\"//a[contains(text(),'Forgot password?')]\"}\n  (Session info: chrome=100.0.4896.75)\nFor documentation on this error, please visit: https://selenium.dev/exceptions/#no_such_element\nBuild info: version: '4.1.1', revision: 'e8fcc2cecf'\nSystem info: host: 'BABA-RASHEED', ip: '192.168.18.4', os.name: 'Windows 7', os.arch: 'amd64', os.version: '6.1', java.version: '16.0.2'\nDriver info: org.openqa.selenium.chrome.ChromeDriver\nCommand: [c1c23dda9932c331860084ef4ee94ad5, findElement {using=xpath, value=//a[contains(text(),'Forgot password?')]}]\nCapabilities {acceptInsecureCerts: false, browserName: chrome, browserVersion: 100.0.4896.75, chrome: {chromedriverVersion: 100.0.4896.60 (6a5d10861ce8..., userDataDir: C:\\Users\\Kashan\\AppData\\Loc...}, goog:chromeOptions: {debuggerAddress: localhost:51825}, javascriptEnabled: true, networkConnectionEnabled: false, pageLoadStrategy: normal, platform: WINDOWS, platformName: WINDOWS, proxy: Proxy(), se:cdp: ws://localhost:51825/devtoo..., se:cdpVersion: 100.0.4896.75, setWindowRect: true, strictFileInteractability: false, timeouts: {implicit: 0, pageLoad: 300000, script: 30000}, unhandledPromptBehavior: dismiss and notify, webauthn:extension:credBlob: true, webauthn:extension:largeBlob: true, webauthn:virtualAuthenticators: true}\nSession ID: c1c23dda9932c331860084ef4ee94ad5\r\n\tat java.base/jdk.internal.reflect.NativeConstructorAccessorImpl.newInstance0(Native Method)\r\n\tat java.base/jdk.internal.reflect.NativeConstructorAccessorImpl.newInstance(NativeConstructorAccessorImpl.java:78)\r\n\tat java.base/jdk.internal.reflect.DelegatingConstructorAccessorImpl.newInstance(DelegatingConstructorAccessorImpl.java:45)\r\n\tat java.base/java.lang.reflect.Constructor.newInstanceWithCaller(Constructor.java:499)\r\n\tat java.base/java.lang.reflect.Constructor.newInstance(Constructor.java:480)\r\n\tat org.openqa.selenium.remote.codec.w3c.W3CHttpResponseCodec.createException(W3CHttpResponseCodec.java:200)\r\n\tat org.openqa.selenium.remote.codec.w3c.W3CHttpResponseCodec.decode(W3CHttpResponseCodec.java:133)\r\n\tat org.openqa.selenium.remote.codec.w3c.W3CHttpResponseCodec.decode(W3CHttpResponseCodec.java:53)\r\n\tat org.openqa.selenium.remote.HttpCommandExecutor.execute(HttpCommandExecutor.java:184)\r\n\tat org.openqa.selenium.remote.service.DriverCommandExecutor.invokeExecute(DriverCommandExecutor.java:167)\r\n\tat org.openqa.selenium.remote.service.DriverCommandExecutor.execute(DriverCommandExecutor.java:142)\r\n\tat org.openqa.selenium.remote.RemoteWebDriver.execute(RemoteWebDriver.java:543)\r\n\tat org.openqa.selenium.remote.ElementLocation$ElementFinder$2.findElement(ElementLocation.java:162)\r\n\tat org.openqa.selenium.remote.ElementLocation.findElement(ElementLocation.java:60)\r\n\tat org.openqa.selenium.remote.RemoteWebDriver.findElement(RemoteWebDriver.java:367)\r\n\tat org.openqa.selenium.remote.RemoteWebDriver.findElement(RemoteWebDriver.java:359)\r\n\tat pageObject.SigninPage.getForgotPass(SigninPage.java:45)\r\n\tat stepDefination.Test4.the_user_reaches_forgot_your_password_link(Test4.java:21)\r\n\tat ✽.the user reaches Forgot your password link(file:///C:/Users/Kashan/eclipse-workspace1/Assignment/src/test/java/Features/UserLogin.feature:22)\r\n","duration":13262758600,"status":"failed"},"line":22,"name":"the user reaches Forgot your password link","match":{"location":"stepDefination.Test4.the_user_reaches_forgot_your_password_link()"},"keyword":"When "},{"result":{"status":"skipped"},"line":23,"name":"Validate Forgot your password link is below sign in button","match":{"location":"stepDefination.Test4.validate_forgot_your_password_link_is_below_sign_in_button()"},"keyword":"Then "}]},{"start_timestamp":"2022-04-10T18:08:46.282Z","line":25,"name":"validate that all fields are visible and fields should not overlap when","description":"","id":"attendanywhere-user-login-test;validate-that-all-fields-are-visible-and-fields-should-not-overlap-when","type":"scenario","keyword":"Scenario","steps":[{"result":{"duration":32238844000,"status":"passed"},"line":26,"name":"the user nevigate to url","match":{"location":"stepDefination.Test3.the_user_nevigate_to_url()"},"keyword":"Given "},{"result":{"error_message":"org.openqa.selenium.SessionNotCreatedException: Could not start a new session. Response code 500. Message: session not created\nfrom disconnected: received Inspector.detached event\n  (Session info: chrome=100.0.4896.75)\nBuild info: version: '4.1.1', revision: 'e8fcc2cecf'\nSystem info: host: 'BABA-RASHEED', ip: '192.168.18.4', os.name: 'Windows 7', os.arch: 'amd64', os.version: '6.1', java.version: '16.0.2'\nDriver info: org.openqa.selenium.chrome.ChromeDriver\nCommand: [null, newSession {capabilities=[Capabilities {browserName: chrome, goog:chromeOptions: {args: [], extensions: []}}], desiredCapabilities=Capabilities {browserName: chrome, goog:chromeOptions: {args: [], extensions: []}}}]\r\n\tat org.openqa.selenium.remote.ProtocolHandshake.createSession(ProtocolHandshake.java:126)\r\n\tat org.openqa.selenium.remote.ProtocolHandshake.createSession(ProtocolHandshake.java:84)\r\n\tat org.openqa.selenium.remote.ProtocolHandshake.createSession(ProtocolHandshake.java:62)\r\n\tat org.openqa.selenium.remote.HttpCommandExecutor.execute(HttpCommandExecutor.java:156)\r\n\tat org.openqa.selenium.remote.service.DriverCommandExecutor.invokeExecute(DriverCommandExecutor.java:167)\r\n\tat org.openqa.selenium.remote.service.DriverCommandExecutor.execute(DriverCommandExecutor.java:142)\r\n\tat org.openqa.selenium.remote.RemoteWebDriver.execute(RemoteWebDriver.java:543)\r\n\tat org.openqa.selenium.remote.RemoteWebDriver.startSession(RemoteWebDriver.java:230)\r\n\tat org.openqa.selenium.remote.RemoteWebDriver.<init>(RemoteWebDriver.java:151)\r\n\tat org.openqa.selenium.chromium.ChromiumDriver.<init>(ChromiumDriver.java:108)\r\n\tat org.openqa.selenium.chrome.ChromeDriver.<init>(ChromeDriver.java:104)\r\n\tat org.openqa.selenium.chrome.ChromeDriver.<init>(ChromeDriver.java:91)\r\n\tat org.openqa.selenium.chrome.ChromeDriver.<init>(ChromeDriver.java:46)\r\n\tat Resource.Base.initializedriver(Base.java:27)\r\n\tat stepDefination.Test5.the_user_reduced_the_browser_to_minimum_width(Test5.java:23)\r\n\tat ✽.the user reduced the browser to minimum width(file:///C:/Users/Kashan/eclipse-workspace1/Assignment/src/test/java/Features/UserLogin.feature:27)\r\n","duration":18855078400,"status":"failed"},"line":27,"name":"the user reduced the browser to minimum width","match":{"location":"stepDefination.Test5.the_user_reduced_the_browser_to_minimum_width()"},"keyword":"When "},{"result":{"status":"skipped"},"line":28,"name":"validate that all fields are visible and clickable","match":{"location":"stepDefination.Test5.validate_that_all_fields_are_visible_and_clickable()"},"keyword":"Then "}]},{"start_timestamp":"2022-04-10T18:09:37.388Z","line":30,"name":"Enter invalid Email address and Password, an error message should be displayed","description":"","id":"attendanywhere-user-login-test;enter-invalid-email-address-and-password--an-error-message-should-be-displayed","type":"scenario","keyword":"Scenario","steps":[{"result":{"duration":43699499500,"status":"passed"},"line":31,"name":"the user nevigate to url","match":{"location":"stepDefination.Test3.the_user_nevigate_to_url()"},"keyword":"Given "},{"result":{"error_message":"org.openqa.selenium.NoSuchElementException: Unable to find element with locator By.cssSelector: #usernameInput\nFor documentation on this error, please visit: https://selenium.dev/exceptions/#no_such_element\nBuild info: version: '4.1.1', revision: 'e8fcc2cecf'\nSystem info: host: 'BABA-RASHEED', ip: '192.168.18.4', os.name: 'Windows 7', os.arch: 'amd64', os.version: '6.1', java.version: '16.0.2'\nDriver info: driver.version: RemoteWebDriver\r\n\tat org.openqa.selenium.remote.ElementLocation$ElementFinder$2.findElement(ElementLocation.java:165)\r\n\tat org.openqa.selenium.remote.ElementLocation.findElement(ElementLocation.java:60)\r\n\tat org.openqa.selenium.remote.RemoteWebDriver.findElement(RemoteWebDriver.java:367)\r\n\tat org.openqa.selenium.remote.RemoteWebDriver.findElement(RemoteWebDriver.java:359)\r\n\tat pageObject.SigninPage.getUsername(SigninPage.java:25)\r\n\tat stepDefination.Test6.the_user_enters_invalid_email(Test6.java:23)\r\n\tat ✽.the user enters invalid email(file:///C:/Users/Kashan/eclipse-workspace1/Assignment/src/test/java/Features/UserLogin.feature:32)\r\n","duration":9483542500,"status":"failed"},"line":32,"name":"the user enters invalid email","match":{"location":"stepDefination.Test6.the_user_enters_invalid_email()"},"keyword":"When "},{"result":{"status":"skipped"},"line":33,"name":"the user enters invalid password","match":{"location":"stepDefination.Test6.the_user_enters_invalid_password()"},"keyword":"And "},{"result":{"status":"skipped"},"line":34,"name":"display the error message","match":{"location":"stepDefination.Test6.display_the_error_message()"},"keyword":"Then "}]},{"start_timestamp":"2022-04-10T18:10:30.586Z","line":36,"name":"Enter valid Email address and Password in the respective fields","description":"","id":"attendanywhere-user-login-test;enter-valid-email-address-and-password-in-the-respective-fields","type":"scenario","keyword":"Scenario","steps":[{"result":{"duration":13889794400,"status":"passed"},"line":37,"name":"the user nevigate to url","match":{"location":"stepDefination.Test3.the_user_nevigate_to_url()"},"keyword":"Given "},{"result":{"error_message":"org.openqa.selenium.NoSuchElementException: no such element: Unable to locate element: {\"method\":\"css selector\",\"selector\":\"#usernameInput\"}\n  (Session info: chrome=100.0.4896.75)\nFor documentation on this error, please visit: https://selenium.dev/exceptions/#no_such_element\nBuild info: version: '4.1.1', revision: 'e8fcc2cecf'\nSystem info: host: 'BABA-RASHEED', ip: '192.168.18.4', os.name: 'Windows 7', os.arch: 'amd64', os.version: '6.1', java.version: '16.0.2'\nDriver info: org.openqa.selenium.chrome.ChromeDriver\nCommand: [57e842f79a4241a8218aacf99633dd63, findElement {using=css selector, value=#usernameInput}]\nCapabilities {acceptInsecureCerts: false, browserName: chrome, browserVersion: 100.0.4896.75, chrome: {chromedriverVersion: 100.0.4896.60 (6a5d10861ce8..., userDataDir: C:\\Users\\Kashan\\AppData\\Loc...}, goog:chromeOptions: {debuggerAddress: localhost:58010}, javascriptEnabled: true, networkConnectionEnabled: false, pageLoadStrategy: normal, platform: WINDOWS, platformName: WINDOWS, proxy: Proxy(), se:cdp: ws://localhost:58010/devtoo..., se:cdpVersion: 100.0.4896.75, setWindowRect: true, strictFileInteractability: false, timeouts: {implicit: 0, pageLoad: 300000, script: 30000}, unhandledPromptBehavior: dismiss and notify, webauthn:extension:credBlob: true, webauthn:extension:largeBlob: true, webauthn:virtualAuthenticators: true}\nSession ID: 57e842f79a4241a8218aacf99633dd63\r\n\tat java.base/jdk.internal.reflect.NativeConstructorAccessorImpl.newInstance0(Native Method)\r\n\tat java.base/jdk.internal.reflect.NativeConstructorAccessorImpl.newInstance(NativeConstructorAccessorImpl.java:78)\r\n\tat java.base/jdk.internal.reflect.DelegatingConstructorAccessorImpl.newInstance(DelegatingConstructorAccessorImpl.java:45)\r\n\tat java.base/java.lang.reflect.Constructor.newInstanceWithCaller(Constructor.java:499)\r\n\tat java.base/java.lang.reflect.Constructor.newInstance(Constructor.java:480)\r\n\tat org.openqa.selenium.remote.codec.w3c.W3CHttpResponseCodec.createException(W3CHttpResponseCodec.java:200)\r\n\tat org.openqa.selenium.remote.codec.w3c.W3CHttpResponseCodec.decode(W3CHttpResponseCodec.java:133)\r\n\tat org.openqa.selenium.remote.codec.w3c.W3CHttpResponseCodec.decode(W3CHttpResponseCodec.java:53)\r\n\tat org.openqa.selenium.remote.HttpCommandExecutor.execute(HttpCommandExecutor.java:184)\r\n\tat org.openqa.selenium.remote.service.DriverCommandExecutor.invokeExecute(DriverCommandExecutor.java:167)\r\n\tat org.openqa.selenium.remote.service.DriverCommandExecutor.execute(DriverCommandExecutor.java:142)\r\n\tat org.openqa.selenium.remote.RemoteWebDriver.execute(RemoteWebDriver.java:543)\r\n\tat org.openqa.selenium.remote.ElementLocation$ElementFinder$2.findElement(ElementLocation.java:162)\r\n\tat org.openqa.selenium.remote.ElementLocation.findElement(ElementLocation.java:60)\r\n\tat org.openqa.selenium.remote.RemoteWebDriver.findElement(RemoteWebDriver.java:367)\r\n\tat org.openqa.selenium.remote.RemoteWebDriver.findElement(RemoteWebDriver.java:359)\r\n\tat pageObject.SigninPage.getUsername(SigninPage.java:25)\r\n\tat stepDefination.Test7.the_user_enters_valid_email(Test7.java:24)\r\n\tat ✽.the user enters the valid email(file:///C:/Users/Kashan/eclipse-workspace1/Assignment/src/test/java/Features/UserLogin.feature:38)\r\n","duration":11676667900,"status":"failed"},"line":38,"name":"the user enters the valid email","match":{"location":"stepDefination.Test7.the_user_enters_valid_email()"},"keyword":"When "},{"result":{"status":"skipped"},"line":39,"name":"the user enters the valid password","match":{"location":"stepDefination.Test7.the_user_enters_valid_password()"},"keyword":"And "},{"result":{"status":"skipped"},"line":40,"name":"validate that User can enter the details as expected","match":{"location":"stepDefination.Test7.validate_that_user_can_enter_the_details_as_expected()"},"keyword":"Then "}]},{"start_timestamp":"2022-04-10T18:10:56.169Z","line":42,"name":"user can sign into the application when entered correct credentials","description":"","id":"attendanywhere-user-login-test;user-can-sign-into-the-application-when-entered-correct-credentials","type":"scenario","keyword":"Scenario","steps":[{"result":{"duration":47954742800,"status":"passed"},"line":43,"name":"the user nevigate to url","match":{"location":"stepDefination.Test3.the_user_nevigate_to_url()"},"keyword":"Given "},{"result":{"error_message":"org.openqa.selenium.NoSuchElementException: no such element: Unable to locate element: {\"method\":\"css selector\",\"selector\":\"#usernameInput\"}\n  (Session info: chrome=100.0.4896.75)\nFor documentation on this error, please visit: https://selenium.dev/exceptions/#no_such_element\nBuild info: version: '4.1.1', revision: 'e8fcc2cecf'\nSystem info: host: 'BABA-RASHEED', ip: '192.168.18.4', os.name: 'Windows 7', os.arch: 'amd64', os.version: '6.1', java.version: '16.0.2'\nDriver info: org.openqa.selenium.chrome.ChromeDriver\nCommand: [5e50ec70d8dd1aa3328327da013817c2, findElement {using=css selector, value=#usernameInput}]\nCapabilities {acceptInsecureCerts: false, browserName: chrome, browserVersion: 100.0.4896.75, chrome: {chromedriverVersion: 100.0.4896.60 (6a5d10861ce8..., userDataDir: C:\\Users\\Kashan\\AppData\\Loc...}, goog:chromeOptions: {debuggerAddress: localhost:51090}, javascriptEnabled: true, networkConnectionEnabled: false, pageLoadStrategy: normal, platform: WINDOWS, platformName: WINDOWS, proxy: Proxy(), se:cdp: ws://localhost:51090/devtoo..., se:cdpVersion: 100.0.4896.75, setWindowRect: true, strictFileInteractability: false, timeouts: {implicit: 0, pageLoad: 300000, script: 30000}, unhandledPromptBehavior: dismiss and notify, webauthn:extension:credBlob: true, webauthn:extension:largeBlob: true, webauthn:virtualAuthenticators: true}\nSession ID: 5e50ec70d8dd1aa3328327da013817c2\r\n\tat java.base/jdk.internal.reflect.NativeConstructorAccessorImpl.newInstance0(Native Method)\r\n\tat java.base/jdk.internal.reflect.NativeConstructorAccessorImpl.newInstance(NativeConstructorAccessorImpl.java:78)\r\n\tat java.base/jdk.internal.reflect.DelegatingConstructorAccessorImpl.newInstance(DelegatingConstructorAccessorImpl.java:45)\r\n\tat java.base/java.lang.reflect.Constructor.newInstanceWithCaller(Constructor.java:499)\r\n\tat java.base/java.lang.reflect.Constructor.newInstance(Constructor.java:480)\r\n\tat org.openqa.selenium.remote.codec.w3c.W3CHttpResponseCodec.createException(W3CHttpResponseCodec.java:200)\r\n\tat org.openqa.selenium.remote.codec.w3c.W3CHttpResponseCodec.decode(W3CHttpResponseCodec.java:133)\r\n\tat org.openqa.selenium.remote.codec.w3c.W3CHttpResponseCodec.decode(W3CHttpResponseCodec.java:53)\r\n\tat org.openqa.selenium.remote.HttpCommandExecutor.execute(HttpCommandExecutor.java:184)\r\n\tat org.openqa.selenium.remote.service.DriverCommandExecutor.invokeExecute(DriverCommandExecutor.java:167)\r\n\tat org.openqa.selenium.remote.service.DriverCommandExecutor.execute(DriverCommandExecutor.java:142)\r\n\tat org.openqa.selenium.remote.RemoteWebDriver.execute(RemoteWebDriver.java:543)\r\n\tat org.openqa.selenium.remote.ElementLocation$ElementFinder$2.findElement(ElementLocation.java:162)\r\n\tat org.openqa.selenium.remote.ElementLocation.findElement(ElementLocation.java:60)\r\n\tat org.openqa.selenium.remote.RemoteWebDriver.findElement(RemoteWebDriver.java:367)\r\n\tat org.openqa.selenium.remote.RemoteWebDriver.findElement(RemoteWebDriver.java:359)\r\n\tat pageObject.SigninPage.getUsername(SigninPage.java:25)\r\n\tat stepDefination.Test8.the_user_enters_valid_email(Test8.java:27)\r\n\tat ✽.the user enters valid email(file:///C:/Users/Kashan/eclipse-workspace1/Assignment/src/test/java/Features/UserLogin.feature:44)\r\n","duration":43596493600,"status":"failed"},"line":44,"name":"the user enters valid email","match":{"location":"stepDefination.Test8.the_user_enters_valid_email()"},"keyword":"When "},{"result":{"status":"skipped"},"line":45,"name":"the user enters valid password","match":{"location":"stepDefination.Test8.the_user_enters_valid_password()"},"keyword":"And "},{"result":{"status":"skipped"},"line":46,"name":"validate that user is into the homepage","match":{"location":"stepDefination.Test8.validate_that_user_is_into_the_homepage()"},"keyword":"Then "}]}],"name":"Attendanywhere User Login Test","description":"","id":"attendanywhere-user-login-test","keyword":"Feature","uri":"file:src/test/java/Features/UserLogin.feature","tags":[]}]