<?xml version="1.0" encoding="UTF-8"?>
<testng-results ignored="0" total="8" passed="8" failed="0" skipped="0">
  <reporter-output>
  </reporter-output>
  <suite started-at="2022-04-11T16:27:21 PKT" name="Default suite" finished-at="2022-04-11T16:32:19 PKT" duration-ms="297823">
    <groups>
      <group name="cucumber">
        <method signature="AbstractTestNGCucumberTests.runScenario(io.cucumber.testng.PickleWrapper,io.cucumber.testng.FeatureWrapper)[pri:0, instance:cucumberOptions.TestRunner@6bd61f98]" name="runScenario" class="io.cucumber.testng.AbstractTestNGCucumberTests"/>
      </group> <!-- cucumber -->
    </groups>
    <test started-at="2022-04-11T16:27:21 PKT" name="Default test" finished-at="2022-04-11T16:32:19 PKT" duration-ms="297823">
      <class name="cucumberOptions.TestRunner">
        <test-method is-config="true" signature="setUpClass(org.testng.ITestContext)[pri:0, instance:cucumberOptions.TestRunner@6bd61f98]" started-at="2022-04-11T16:27:21 PKT" name="setUpClass" finished-at="2022-04-11T16:27:22 PKT" duration-ms="929" status="PASS">
          <params>
            <param index="0">
              <value>
                <![CDATA[org.testng.TestRunner@3a861417]]>
              </value>
            </param>
          </params>
          <reporter-output>
          </reporter-output>
        </test-method> <!-- setUpClass -->
        <test-method signature="runScenario(io.cucumber.testng.PickleWrapper,io.cucumber.testng.FeatureWrapper)[pri:0, instance:cucumberOptions.TestRunner@6bd61f98]" started-at="2022-04-11T16:27:22 PKT" name="runScenario" description="Runs Cucumber Scenarios" data-provider="scenarios" finished-at="2022-04-11T16:27:30 PKT" duration-ms="8629" status="PASS">
          <params>
            <param index="0">
              <value>
                <![CDATA["URL is leading us into the correct page"]]>
              </value>
            </param>
            <param index="1">
              <value>
                <![CDATA["Optional[Attendanywhere User Login Test]"]]>
              </value>
            </param>
          </params>
          <reporter-output>
          </reporter-output>
        </test-method> <!-- runScenario -->
        <test-method signature="runScenario(io.cucumber.testng.PickleWrapper,io.cucumber.testng.FeatureWrapper)[pri:0, instance:cucumberOptions.TestRunner@6bd61f98]" started-at="2022-04-11T16:27:30 PKT" name="runScenario" description="Runs Cucumber Scenarios" data-provider="scenarios" finished-at="2022-04-11T16:27:55 PKT" duration-ms="24426" status="PASS">
          <params>
            <param index="0">
              <value>
                <![CDATA["display hints for the username and password fields"]]>
              </value>
            </param>
            <param index="1">
              <value>
                <![CDATA["Optional[Attendanywhere User Login Test]"]]>
              </value>
            </param>
          </params>
          <reporter-output>
          </reporter-output>
        </test-method> <!-- runScenario -->
        <test-method signature="runScenario(io.cucumber.testng.PickleWrapper,io.cucumber.testng.FeatureWrapper)[pri:0, instance:cucumberOptions.TestRunner@6bd61f98]" started-at="2022-04-11T16:27:55 PKT" name="runScenario" description="Runs Cucumber Scenarios" data-provider="scenarios" finished-at="2022-04-11T16:28:06 PKT" duration-ms="10974" status="PASS">
          <params>
            <param index="0">
              <value>
                <![CDATA["validate that checkbox 'Keep me signed in' is positioned between password field and sign in button"]]>
              </value>
            </param>
            <param index="1">
              <value>
                <![CDATA["Optional[Attendanywhere User Login Test]"]]>
              </value>
            </param>
          </params>
          <reporter-output>
          </reporter-output>
        </test-method> <!-- runScenario -->
        <test-method signature="runScenario(io.cucumber.testng.PickleWrapper,io.cucumber.testng.FeatureWrapper)[pri:0, instance:cucumberOptions.TestRunner@6bd61f98]" started-at="2022-04-11T16:28:06 PKT" name="runScenario" description="Runs Cucumber Scenarios" data-provider="scenarios" finished-at="2022-04-11T16:28:27 PKT" duration-ms="21681" status="PASS">
          <params>
            <param index="0">
              <value>
                <![CDATA["validate that forgot your password? link is displayed below Sign in button"]]>
              </value>
            </param>
            <param index="1">
              <value>
                <![CDATA["Optional[Attendanywhere User Login Test]"]]>
              </value>
            </param>
          </params>
          <reporter-output>
          </reporter-output>
        </test-method> <!-- runScenario -->
        <test-method signature="runScenario(io.cucumber.testng.PickleWrapper,io.cucumber.testng.FeatureWrapper)[pri:0, instance:cucumberOptions.TestRunner@6bd61f98]" started-at="2022-04-11T16:28:27 PKT" name="runScenario" description="Runs Cucumber Scenarios" data-provider="scenarios" finished-at="2022-04-11T16:29:20 PKT" duration-ms="52206" status="PASS">
          <params>
            <param index="0">
              <value>
                <![CDATA["validate that all fields are visible and fields should not overlap when"]]>
              </value>
            </param>
            <param index="1">
              <value>
                <![CDATA["Optional[Attendanywhere User Login Test]"]]>
              </value>
            </param>
          </params>
          <reporter-output>
          </reporter-output>
        </test-method> <!-- runScenario -->
        <test-method signature="runScenario(io.cucumber.testng.PickleWrapper,io.cucumber.testng.FeatureWrapper)[pri:0, instance:cucumberOptions.TestRunner@6bd61f98]" started-at="2022-04-11T16:29:20 PKT" name="runScenario" description="Runs Cucumber Scenarios" data-provider="scenarios" finished-at="2022-04-11T16:30:12 PKT" duration-ms="52370" status="PASS">
          <params>
            <param index="0">
              <value>
                <![CDATA["Enter invalid Email address and Password, an error message should be displayed"]]>
              </value>
            </param>
            <param index="1">
              <value>
                <![CDATA["Optional[Attendanywhere User Login Test]"]]>
              </value>
            </param>
          </params>
          <reporter-output>
          </reporter-output>
        </test-method> <!-- runScenario -->
        <test-method signature="runScenario(io.cucumber.testng.PickleWrapper,io.cucumber.testng.FeatureWrapper)[pri:0, instance:cucumberOptions.TestRunner@6bd61f98]" started-at="2022-04-11T16:30:12 PKT" name="runScenario" description="Runs Cucumber Scenarios" data-provider="scenarios" finished-at="2022-04-11T16:30:50 PKT" duration-ms="37668" status="PASS">
          <params>
            <param index="0">
              <value>
                <![CDATA["Enter valid Email address and Password in the respective fields"]]>
              </value>
            </param>
            <param index="1">
              <value>
                <![CDATA["Optional[Attendanywhere User Login Test]"]]>
              </value>
            </param>
          </params>
          <reporter-output>
          </reporter-output>
        </test-method> <!-- runScenario -->
        <test-method signature="runScenario(io.cucumber.testng.PickleWrapper,io.cucumber.testng.FeatureWrapper)[pri:0, instance:cucumberOptions.TestRunner@6bd61f98]" started-at="2022-04-11T16:30:50 PKT" name="runScenario" description="Runs Cucumber Scenarios" data-provider="scenarios" finished-at="2022-04-11T16:32:18 PKT" duration-ms="88268" status="PASS">
          <params>
            <param index="0">
              <value>
                <![CDATA["user can sign into the application when entered correct credentials"]]>
              </value>
            </param>
            <param index="1">
              <value>
                <![CDATA["Optional[Attendanywhere User Login Test]"]]>
              </value>
            </param>
          </params>
          <reporter-output>
          </reporter-output>
        </test-method> <!-- runScenario -->
        <test-method is-config="true" signature="tearDownClass()[pri:0, instance:cucumberOptions.TestRunner@6bd61f98]" started-at="2022-04-11T16:32:18 PKT" name="tearDownClass" finished-at="2022-04-11T16:32:18 PKT" duration-ms="602" status="PASS">
          <reporter-output>
          </reporter-output>
        </test-method> <!-- tearDownClass -->
      </class> <!-- cucumberOptions.TestRunner -->
    </test> <!-- Default test -->
  </suite> <!-- Default suite -->
</testng-results>
