<?xml version="1.0" encoding="UTF-8"?>
<testng-results ignored="0" total="8" passed="8" failed="0" skipped="0">
  <reporter-output>
  </reporter-output>
  <suite started-at="2022-04-11T17:01:04 PKT" name="Default suite" finished-at="2022-04-11T17:05:09 PKT" duration-ms="244942">
    <groups>
      <group name="cucumber">
        <method signature="AbstractTestNGCucumberTests.runScenario(io.cucumber.testng.PickleWrapper,io.cucumber.testng.FeatureWrapper)[pri:0, instance:cucumberOptions.TestRunner@6bd61f98]" name="runScenario" class="io.cucumber.testng.AbstractTestNGCucumberTests"/>
      </group> <!-- cucumber -->
    </groups>
    <test started-at="2022-04-11T17:01:04 PKT" name="Default test" finished-at="2022-04-11T17:05:09 PKT" duration-ms="244942">
      <class name="cucumberOptions.TestRunner">
        <test-method is-config="true" signature="setUpClass(org.testng.ITestContext)[pri:0, instance:cucumberOptions.TestRunner@6bd61f98]" started-at="2022-04-11T17:01:04 PKT" name="setUpClass" finished-at="2022-04-11T17:01:05 PKT" duration-ms="1020" status="PASS">
          <params>
            <param index="0">
              <value>
                <![CDATA[org.testng.TestRunner@49c83262]]>
              </value>
            </param>
          </params>
          <reporter-output>
          </reporter-output>
        </test-method> <!-- setUpClass -->
        <test-method signature="runScenario(io.cucumber.testng.PickleWrapper,io.cucumber.testng.FeatureWrapper)[pri:0, instance:cucumberOptions.TestRunner@6bd61f98]" started-at="2022-04-11T17:01:05 PKT" name="runScenario" description="Runs Cucumber Scenarios" data-provider="scenarios" finished-at="2022-04-11T17:01:15 PKT" duration-ms="10298" status="PASS">
          <params>
            <param index="0">
              <value>
                <![CDATA["URL is leading us into the correct page"]]>
              </value>
            </param>
            <param index="1">
              <value>
                <![CDATA["Optional[Attendanywhere User Login Test]"]]>
              </value>
            </param>
          </params>
          <reporter-output>
          </reporter-output>
        </test-method> <!-- runScenario -->
        <test-method signature="runScenario(io.cucumber.testng.PickleWrapper,io.cucumber.testng.FeatureWrapper)[pri:0, instance:cucumberOptions.TestRunner@6bd61f98]" started-at="2022-04-11T17:01:15 PKT" name="runScenario" description="Runs Cucumber Scenarios" data-provider="scenarios" finished-at="2022-04-11T17:01:37 PKT" duration-ms="21553" status="PASS">
          <params>
            <param index="0">
              <value>
                <![CDATA["display hints for the username and password fields"]]>
              </value>
            </param>
            <param index="1">
              <value>
                <![CDATA["Optional[Attendanywhere User Login Test]"]]>
              </value>
            </param>
          </params>
          <reporter-output>
          </reporter-output>
        </test-method> <!-- runScenario -->
        <test-method signature="runScenario(io.cucumber.testng.PickleWrapper,io.cucumber.testng.FeatureWrapper)[pri:0, instance:cucumberOptions.TestRunner@6bd61f98]" started-at="2022-04-11T17:01:37 PKT" name="runScenario" description="Runs Cucumber Scenarios" data-provider="scenarios" finished-at="2022-04-11T17:01:52 PKT" duration-ms="14696" status="PASS">
          <params>
            <param index="0">
              <value>
                <![CDATA["validate that checkbox 'Keep me signed in' is positioned between password field and sign in button"]]>
              </value>
            </param>
            <param index="1">
              <value>
                <![CDATA["Optional[Attendanywhere User Login Test]"]]>
              </value>
            </param>
          </params>
          <reporter-output>
          </reporter-output>
        </test-method> <!-- runScenario -->
        <test-method signature="runScenario(io.cucumber.testng.PickleWrapper,io.cucumber.testng.FeatureWrapper)[pri:0, instance:cucumberOptions.TestRunner@6bd61f98]" started-at="2022-04-11T17:01:52 PKT" name="runScenario" description="Runs Cucumber Scenarios" data-provider="scenarios" finished-at="2022-04-11T17:02:04 PKT" duration-ms="12778" status="PASS">
          <params>
            <param index="0">
              <value>
                <![CDATA["validate that forgot your password? link is displayed below Sign in button"]]>
              </value>
            </param>
            <param index="1">
              <value>
                <![CDATA["Optional[Attendanywhere User Login Test]"]]>
              </value>
            </param>
          </params>
          <reporter-output>
          </reporter-output>
        </test-method> <!-- runScenario -->
        <test-method signature="runScenario(io.cucumber.testng.PickleWrapper,io.cucumber.testng.FeatureWrapper)[pri:0, instance:cucumberOptions.TestRunner@6bd61f98]" started-at="2022-04-11T17:02:04 PKT" name="runScenario" description="Runs Cucumber Scenarios" data-provider="scenarios" finished-at="2022-04-11T17:02:52 PKT" duration-ms="47257" status="PASS">
          <params>
            <param index="0">
              <value>
                <![CDATA["validate that all fields are visible and fields should not overlap when"]]>
              </value>
            </param>
            <param index="1">
              <value>
                <![CDATA["Optional[Attendanywhere User Login Test]"]]>
              </value>
            </param>
          </params>
          <reporter-output>
          </reporter-output>
        </test-method> <!-- runScenario -->
        <test-method signature="runScenario(io.cucumber.testng.PickleWrapper,io.cucumber.testng.FeatureWrapper)[pri:0, instance:cucumberOptions.TestRunner@6bd61f98]" started-at="2022-04-11T17:02:52 PKT" name="runScenario" description="Runs Cucumber Scenarios" data-provider="scenarios" finished-at="2022-04-11T17:03:36 PKT" duration-ms="44156" status="PASS">
          <params>
            <param index="0">
              <value>
                <![CDATA["Enter invalid Email address and Password, an error message should be displayed"]]>
              </value>
            </param>
            <param index="1">
              <value>
                <![CDATA["Optional[Attendanywhere User Login Test]"]]>
              </value>
            </param>
          </params>
          <reporter-output>
          </reporter-output>
        </test-method> <!-- runScenario -->
        <test-method signature="runScenario(io.cucumber.testng.PickleWrapper,io.cucumber.testng.FeatureWrapper)[pri:0, instance:cucumberOptions.TestRunner@6bd61f98]" started-at="2022-04-11T17:03:36 PKT" name="runScenario" description="Runs Cucumber Scenarios" data-provider="scenarios" finished-at="2022-04-11T17:04:42 PKT" duration-ms="65779" status="PASS">
          <params>
            <param index="0">
              <value>
                <![CDATA["Enter valid Email address and Password in the respective fields"]]>
              </value>
            </param>
            <param index="1">
              <value>
                <![CDATA["Optional[Attendanywhere User Login Test]"]]>
              </value>
            </param>
          </params>
          <reporter-output>
          </reporter-output>
        </test-method> <!-- runScenario -->
        <test-method signature="runScenario(io.cucumber.testng.PickleWrapper,io.cucumber.testng.FeatureWrapper)[pri:0, instance:cucumberOptions.TestRunner@6bd61f98]" started-at="2022-04-11T17:04:42 PKT" name="runScenario" description="Runs Cucumber Scenarios" data-provider="scenarios" finished-at="2022-04-11T17:05:09 PKT" duration-ms="27057" status="PASS">
          <params>
            <param index="0">
              <value>
                <![CDATA["user can sign into the application when entered correct credentials"]]>
              </value>
            </param>
            <param index="1">
              <value>
                <![CDATA["Optional[Attendanywhere User Login Test]"]]>
              </value>
            </param>
          </params>
          <reporter-output>
          </reporter-output>
        </test-method> <!-- runScenario -->
        <test-method is-config="true" signature="tearDownClass()[pri:0, instance:cucumberOptions.TestRunner@6bd61f98]" started-at="2022-04-11T17:05:09 PKT" name="tearDownClass" finished-at="2022-04-11T17:05:09 PKT" duration-ms="285" status="PASS">
          <reporter-output>
          </reporter-output>
        </test-method> <!-- tearDownClass -->
      </class> <!-- cucumberOptions.TestRunner -->
    </test> <!-- Default test -->
  </suite> <!-- Default suite -->
</testng-results>
